# JRE version: Java(TM) SE Runtime Environment (17.0.6+9) (build 17.0.6+9-LTS-190)
# Java VM: Java HotSpot(TM) 64-Bit Server VM (17.0.6+9-LTS-190, mixed mode, emulated-client, sharing, tiered, compressed oops, compressed class ptrs, g1 gc, windows-amd64)
GC Precious Log:
 CPUs: 4 total, 4 available
 Memory: 3909M
 Large Page Support: Disabled
 NUMA Support: Disabled
 Compressed Oops: Enabled (32-bit)
 Heap Region Size: 1M
 Heap Min Capacity: 8M
 Heap Initial Capacity: 62M
 Heap Max Capacity: 978M
 Pre-touch: Disabled
 Parallel Workers: 4
 Concurrent Workers: 1
 Concurrent Refinement Workers: 4
 Periodic GC: Disabled
Heap:
 garbage-first heap   total 95232K, used 71493K [0x00000000c2e00000, 0x0000000100000000)
  region size 1024K, 50 young (51200K), 4 survivors (4096K)
 Metaspace       used 65958K, committed 66688K, reserved 1105920K
  class space    used 9718K, committed 10112K, reserved 1048576K
GC Heap History (20 events):
Event: 1041.523 GC heap before
{Heap before GC invocations=28 (full 4):
 garbage-first heap   total 86016K, used 65965K [0x00000000c2e00000, 0x0000000100000000)
  region size 1024K, 42 young (43008K), 4 survivors (4096K)
 Metaspace       used 65164K, committed 65728K, reserved 1105920K
  class space    used 9624K, committed 9920K, reserved 1048576K
}
Event: 1041.549 GC heap after
{Heap after GC invocations=29 (full 4):
 garbage-first heap   total 86016K, used 29249K [0x00000000c2e00000, 0x0000000100000000)
  region size 1024K, 6 young (6144K), 6 survivors (6144K)
 Metaspace       used 65164K, committed 65728K, reserved 1105920K
  class space    used 9624K, committed 9920K, reserved 1048576K
}
Event: 1534.736 GC heap before
{Heap before GC invocations=29 (full 4):
 garbage-first heap   total 86016K, used 46657K [0x00000000c2e00000, 0x0000000100000000)
  region size 1024K, 24 young (24576K), 6 survivors (6144K)
 Metaspace       used 65167K, committed 65728K, reserved 1105920K
  class space    used 9625K, committed 9920K, reserved 1048576K
}
Event: 1536.202 GC heap after
{Heap after GC invocations=30 (full 5):
 garbage-first heap   total 86016K, used 24091K [0x00000000c2e00000, 0x0000000100000000)
  region size 1024K, 0 young (0K), 0 survivors (0K)
 Metaspace       used 65165K, committed 65728K, reserved 1105920K
  class space    used 9624K, committed 9920K, reserved 1048576K
}
Event: 1538.166 GC heap before
{Heap before GC invocations=30 (full 5):
 garbage-first heap   total 86016K, used 64027K [0x00000000c2e00000, 0x0000000100000000)
  region size 1024K, 40 young (40960K), 0 survivors (0K)
 Metaspace       used 65239K, committed 65856K, reserved 1105920K
  class space    used 9633K, committed 9920K, reserved 1048576K
}
Event: 1538.198 GC heap after
{Heap after GC invocations=31 (full 5):
 garbage-first heap   total 86016K, used 27856K [0x00000000c2e00000, 0x0000000100000000)
  region size 1024K, 4 young (4096K), 4 survivors (4096K)
 Metaspace       used 65239K, committed 65856K, reserved 1105920K
  class space    used 9633K, committed 9920K, reserved 1048576K
}
Event: 2078.595 GC heap before
{Heap before GC invocations=31 (full 5):
 garbage-first heap   total 86016K, used 66768K [0x00000000c2e00000, 0x0000000100000000)
  region size 1024K, 42 young (43008K), 4 survivors (4096K)
 Metaspace       used 65599K, committed 66176K, reserved 1105920K
  class space    used 9693K, committed 9984K, reserved 1048576K
}
Event: 2078.694 GC heap after
{Heap after GC invocations=32 (full 5):
 garbage-first heap   total 86016K, used 26653K [0x00000000c2e00000, 0x0000000100000000)
  region size 1024K, 3 young (3072K), 3 survivors (3072K)
 Metaspace       used 65599K, committed 66176K, reserved 1105920K
  class space    used 9693K, committed 9984K, reserved 1048576K
}
Event: 2081.765 GC heap before
{Heap before GC invocations=32 (full 5):
 garbage-first heap   total 86016K, used 66589K [0x00000000c2e00000, 0x0000000100000000)
  region size 1024K, 42 young (43008K), 3 survivors (3072K)
 Metaspace       used 65736K, committed 66368K, reserved 1105920K
  class space    used 9715K, committed 10048K, reserved 1048576K
}
Event: 2081.811 GC heap after
{Heap after GC invocations=33 (full 5):
 garbage-first heap   total 86016K, used 27998K [0x00000000c2e00000, 0x0000000100000000)
  region size 1024K, 4 young (4096K), 4 survivors (4096K)
 Metaspace       used 65736K, committed 66368K, reserved 1105920K
  class space    used 9715K, committed 10048K, reserved 1048576K
}
Event: 2186.556 GC heap before
{Heap before GC invocations=33 (full 5):
 garbage-first heap   total 86016K, used 66910K [0x00000000c2e00000, 0x0000000100000000)
  region size 1024K, 42 young (43008K), 4 survivors (4096K)
 Metaspace       used 65819K, committed 66496K, reserved 1105920K
  class space    used 9724K, committed 10048K, reserved 1048576K
}
Event: 2186.589 GC heap after
{Heap after GC invocations=34 (full 5):
 garbage-first heap   total 86016K, used 27214K [0x00000000c2e00000, 0x0000000100000000)
  region size 1024K, 3 young (3072K), 3 survivors (3072K)
 Metaspace       used 65819K, committed 66496K, reserved 1105920K
  class space    used 9724K, committed 10048K, reserved 1048576K
}
Event: 2200.100 GC heap before
{Heap before GC invocations=34 (full 5):
 garbage-first heap   total 86016K, used 65102K [0x00000000c2e00000, 0x0000000100000000)
  region size 1024K, 41 young (41984K), 3 survivors (3072K)
 Metaspace       used 66043K, committed 66688K, reserved 1105920K
  class space    used 9742K, committed 10048K, reserved 1048576K
}
Event: 2200.289 GC heap after
{Heap after GC invocations=35 (full 5):
 garbage-first heap   total 86016K, used 28834K [0x00000000c2e00000, 0x0000000100000000)
  region size 1024K, 5 young (5120K), 5 survivors (5120K)
 Metaspace       used 66043K, committed 66688K, reserved 1105920K
  class space    used 9742K, committed 10048K, reserved 1048576K
}
Event: 2408.499 GC heap before
{Heap before GC invocations=35 (full 5):
 garbage-first heap   total 86016K, used 65698K [0x00000000c2e00000, 0x0000000100000000)
  region size 1024K, 41 young (41984K), 5 survivors (5120K)
 Metaspace       used 66074K, committed 66752K, reserved 1105920K
  class space    used 9744K, committed 10112K, reserved 1048576K
}
Event: 2408.658 GC heap after
{Heap after GC invocations=36 (full 5):
 garbage-first heap   total 86016K, used 29097K [0x00000000c2e00000, 0x0000000100000000)
  region size 1024K, 4 young (4096K), 4 survivors (4096K)
 Metaspace       used 66074K, committed 66752K, reserved 1105920K
  class space    used 9744K, committed 10112K, reserved 1048576K
}
Event: 2447.860 GC heap before
{Heap before GC invocations=36 (full 5):
 garbage-first heap   total 86016K, used 34217K [0x00000000c2e00000, 0x0000000100000000)
  region size 1024K, 10 young (10240K), 4 survivors (4096K)
 Metaspace       used 66077K, committed 66752K, reserved 1105920K
  class space    used 9745K, committed 10112K, reserved 1048576K
}
Event: 2448.874 GC heap after
{Heap after GC invocations=37 (full 6):
 garbage-first heap   total 78848K, used 21406K [0x00000000c2e00000, 0x0000000100000000)
  region size 1024K, 0 young (0K), 0 survivors (0K)
 Metaspace       used 65637K, committed 66688K, reserved 1105920K
  class space    used 9689K, committed 10112K, reserved 1048576K
}
Event: 2450.416 GC heap before
{Heap before GC invocations=37 (full 6):
 garbage-first heap   total 78848K, used 60318K [0x00000000c2e00000, 0x0000000100000000)
  region size 1024K, 39 young (39936K), 0 survivors (0K)
 Metaspace       used 65700K, committed 66688K, reserved 1105920K
  class space    used 9697K, committed 10112K, reserved 1048576K
}
Event: 2450.448 GC heap after
{Heap after GC invocations=38 (full 6):
 garbage-first heap   total 95232K, used 25413K [0x00000000c2e00000, 0x0000000100000000)
  region size 1024K, 4 young (4096K), 4 survivors (4096K)
 Metaspace       used 65700K, committed 66688K, reserved 1105920K
  class space    used 9697K, committed 10112K, reserved 1048576K
}

